<?xml version="1.0" encoding="UTF-8"?>
<testsuite xmlns:xsi="http://www.w3.org/2001/XMLSchema-instance" xsi:noNamespaceSchemaLocation="https://maven.apache.org/surefire/maven-failsafe-plugin/xsd/failsafe-test-report.xsd" name="it.io.openliberty.sample.health.HealthIT" time="2.426" tests="2" errors="0" skipped="0" failures="0">
  <properties>
    <property name="sun.desktop" value="windows"/>
    <property name="awt.toolkit" value="sun.awt.windows.WToolkit"/>
    <property name="microshed_https_port" value="9443"/>
    <property name="java.specification.version" value="1.8"/>
    <property name="file.encoding.pkg" value="sun.io"/>
    <property name="sun.cpu.isalist" value="amd64"/>
    <property name="sun.jnu.encoding" value="Cp1252"/>
    <property name="java.class.path" value="C:\Esperimenti\sample-getting-started\target\test-classes;C:\Esperimenti\sample-getting-started\target\classes;C:\Users\AngeloMassaro\.m2\repository\javax\enterprise\cdi-api\2.0\cdi-api-2.0.jar;C:\Users\AngeloMassaro\.m2\repository\javax\el\javax.el-api\3.0.0\javax.el-api-3.0.0.jar;C:\Users\AngeloMassaro\.m2\repository\javax\interceptor\javax.interceptor-api\1.2\javax.interceptor-api-1.2.jar;C:\Users\AngeloMassaro\.m2\repository\javax\inject\javax.inject\1\javax.inject-1.jar;C:\Users\AngeloMassaro\.m2\repository\javax\ws\rs\javax.ws.rs-api\2.1\javax.ws.rs-api-2.1.jar;C:\Users\AngeloMassaro\.m2\repository\javax\json\bind\javax.json.bind-api\1.0\javax.json.bind-api-1.0.jar;C:\Users\AngeloMassaro\.m2\repository\javax\json\javax.json-api\1.1\javax.json-api-1.1.jar;C:\Users\AngeloMassaro\.m2\repository\javax\annotation\javax.annotation-api\1.3\javax.annotation-api-1.3.jar;C:\Users\AngeloMassaro\.m2\repository\org\eclipse\microprofile\config\microprofile-config-api\1.4\microprofile-config-api-1.4.jar;C:\Users\AngeloMassaro\.m2\repository\org\eclipse\microprofile\fault-tolerance\microprofile-fault-tolerance-api\2.1\microprofile-fault-tolerance-api-2.1.jar;C:\Users\AngeloMassaro\.m2\repository\org\osgi\org.osgi.annotation.versioning\1.0.0\org.osgi.annotation.versioning-1.0.0.jar;C:\Users\AngeloMassaro\.m2\repository\org\eclipse\microprofile\health\microprofile-health-api\2.2\microprofile-health-api-2.2.jar;C:\Users\AngeloMassaro\.m2\repository\org\eclipse\microprofile\metrics\microprofile-metrics-api\2.3\microprofile-metrics-api-2.3.jar;C:\Users\AngeloMassaro\.m2\repository\org\eclipse\microprofile\jwt\microprofile-jwt-auth-api\1.1\microprofile-jwt-auth-api-1.1.jar;C:\Users\AngeloMassaro\.m2\repository\org\eclipse\microprofile\openapi\microprofile-openapi-api\1.1\microprofile-openapi-api-1.1.jar;C:\Users\AngeloMassaro\.m2\repository\org\eclipse\microprofile\rest\client\microprofile-rest-client-api\1.4.0\microprofile-rest-client-api-1.4.0.jar;C:\Users\AngeloMassaro\.m2\repository\org\eclipse\microprofile\opentracing\microprofile-opentracing-api\1.3\microprofile-opentracing-api-1.3.jar;C:\Users\AngeloMassaro\.m2\repository\org\junit\jupiter\junit-jupiter-engine\5.5.2\junit-jupiter-engine-5.5.2.jar;C:\Users\AngeloMassaro\.m2\repository\org\apiguardian\apiguardian-api\1.1.0\apiguardian-api-1.1.0.jar;C:\Users\AngeloMassaro\.m2\repository\org\junit\platform\junit-platform-engine\1.5.2\junit-platform-engine-1.5.2.jar;C:\Users\AngeloMassaro\.m2\repository\org\opentest4j\opentest4j\1.2.0\opentest4j-1.2.0.jar;C:\Users\AngeloMassaro\.m2\repository\org\junit\platform\junit-platform-commons\1.5.2\junit-platform-commons-1.5.2.jar;C:\Users\AngeloMassaro\.m2\repository\org\junit\jupiter\junit-jupiter-api\5.5.2\junit-jupiter-api-5.5.2.jar;C:\Users\AngeloMassaro\.m2\repository\org\apache\cxf\cxf-rt-rs-client\3.3.4\cxf-rt-rs-client-3.3.4.jar;C:\Users\AngeloMassaro\.m2\repository\org\apache\cxf\cxf-rt-transports-http\3.3.4\cxf-rt-transports-http-3.3.4.jar;C:\Users\AngeloMassaro\.m2\repository\org\apache\cxf\cxf-core\3.3.4\cxf-core-3.3.4.jar;C:\Users\AngeloMassaro\.m2\repository\org\glassfish\jaxb\jaxb-runtime\2.3.2\jaxb-runtime-2.3.2.jar;C:\Users\AngeloMassaro\.m2\repository\org\glassfish\jaxb\txw2\2.3.2\txw2-2.3.2.jar;C:\Users\AngeloMassaro\.m2\repository\com\sun\istack\istack-commons-runtime\3.0.8\istack-commons-runtime-3.0.8.jar;C:\Users\AngeloMassaro\.m2\repository\org\jvnet\staxex\stax-ex\1.8.1\stax-ex-1.8.1.jar;C:\Users\AngeloMassaro\.m2\repository\com\sun\xml\fastinfoset\FastInfoset\1.2.16\FastInfoset-1.2.16.jar;C:\Users\AngeloMassaro\.m2\repository\jakarta\activation\jakarta.activation-api\1.2.1\jakarta.activation-api-1.2.1.jar;C:\Users\AngeloMassaro\.m2\repository\com\fasterxml\woodstox\woodstox-core\5.0.3\woodstox-core-5.0.3.jar;C:\Users\AngeloMassaro\.m2\repository\org\codehaus\woodstox\stax2-api\3.1.4\stax2-api-3.1.4.jar;C:\Users\AngeloMassaro\.m2\repository\org\apache\ws\xmlschema\xmlschema-core\2.2.4\xmlschema-core-2.2.4.jar;C:\Users\AngeloMassaro\.m2\repository\jakarta\xml\bind\jakarta.xml.bind-api\2.3.2\jakarta.xml.bind-api-2.3.2.jar;C:\Users\AngeloMassaro\.m2\repository\org\apache\cxf\cxf-rt-frontend-jaxrs\3.3.4\cxf-rt-frontend-jaxrs-3.3.4.jar;C:\Users\AngeloMassaro\.m2\repository\jakarta\ws\rs\jakarta.ws.rs-api\2.1.5\jakarta.ws.rs-api-2.1.5.jar;C:\Users\AngeloMassaro\.m2\repository\org\apache\cxf\cxf-rt-security\3.3.4\cxf-rt-security-3.3.4.jar;C:\Users\AngeloMassaro\.m2\repository\org\apache\cxf\cxf-rt-rs-extension-providers\3.3.4\cxf-rt-rs-extension-providers-3.3.4.jar;C:\Users\AngeloMassaro\.m2\repository\org\glassfish\javax.json\1.1.4\javax.json-1.1.4.jar;C:\Users\AngeloMassaro\.m2\repository\javax\xml\bind\jaxb-api\2.3.1\jaxb-api-2.3.1.jar;C:\Users\AngeloMassaro\.m2\repository\javax\activation\javax.activation-api\1.2.0\javax.activation-api-1.2.0.jar;"/>
    <property name="java.vm.vendor" value="Oracle Corporation"/>
    <property name="sun.arch.data.model" value="64"/>
    <property name="microshed_hostname" value="laptop-hoomlnrg.lan"/>
    <property name="user.variant" value=""/>
    <property name="java.vendor.url" value="http://java.oracle.com/"/>
    <property name="user.timezone" value="Europe/Berlin"/>
    <property name="os.name" value="Windows 10"/>
    <property name="java.vm.specification.version" value="1.8"/>
    <property name="user.country" value="IT"/>
    <property name="sun.java.launcher" value="SUN_STANDARD"/>
    <property name="liberty.https.port" value="9443"/>
    <property name="sun.boot.library.path" value="C:\Oracle\Middleware12.2.1.3\oracle_common\jdk\jre\bin"/>
    <property name="sun.java.command" value="C:\Users\ANGELO~1\AppData\Local\Temp\surefire3623682986869752013\surefirebooter6979352351168771612.jar C:\Users\AngeloMassaro\AppData\Local\Temp\surefire3623682986869752013 2021-01-23T14-32-12_201-jvmRun1 surefire5734660106069525413tmp surefire_04992887342850404062tmp"/>
    <property name="surefire.test.class.path" value="C:\Esperimenti\sample-getting-started\target\test-classes;C:\Esperimenti\sample-getting-started\target\classes;C:\Users\AngeloMassaro\.m2\repository\javax\enterprise\cdi-api\2.0\cdi-api-2.0.jar;C:\Users\AngeloMassaro\.m2\repository\javax\el\javax.el-api\3.0.0\javax.el-api-3.0.0.jar;C:\Users\AngeloMassaro\.m2\repository\javax\interceptor\javax.interceptor-api\1.2\javax.interceptor-api-1.2.jar;C:\Users\AngeloMassaro\.m2\repository\javax\inject\javax.inject\1\javax.inject-1.jar;C:\Users\AngeloMassaro\.m2\repository\javax\ws\rs\javax.ws.rs-api\2.1\javax.ws.rs-api-2.1.jar;C:\Users\AngeloMassaro\.m2\repository\javax\json\bind\javax.json.bind-api\1.0\javax.json.bind-api-1.0.jar;C:\Users\AngeloMassaro\.m2\repository\javax\json\javax.json-api\1.1\javax.json-api-1.1.jar;C:\Users\AngeloMassaro\.m2\repository\javax\annotation\javax.annotation-api\1.3\javax.annotation-api-1.3.jar;C:\Users\AngeloMassaro\.m2\repository\org\eclipse\microprofile\config\microprofile-config-api\1.4\microprofile-config-api-1.4.jar;C:\Users\AngeloMassaro\.m2\repository\org\eclipse\microprofile\fault-tolerance\microprofile-fault-tolerance-api\2.1\microprofile-fault-tolerance-api-2.1.jar;C:\Users\AngeloMassaro\.m2\repository\org\osgi\org.osgi.annotation.versioning\1.0.0\org.osgi.annotation.versioning-1.0.0.jar;C:\Users\AngeloMassaro\.m2\repository\org\eclipse\microprofile\health\microprofile-health-api\2.2\microprofile-health-api-2.2.jar;C:\Users\AngeloMassaro\.m2\repository\org\eclipse\microprofile\metrics\microprofile-metrics-api\2.3\microprofile-metrics-api-2.3.jar;C:\Users\AngeloMassaro\.m2\repository\org\eclipse\microprofile\jwt\microprofile-jwt-auth-api\1.1\microprofile-jwt-auth-api-1.1.jar;C:\Users\AngeloMassaro\.m2\repository\org\eclipse\microprofile\openapi\microprofile-openapi-api\1.1\microprofile-openapi-api-1.1.jar;C:\Users\AngeloMassaro\.m2\repository\org\eclipse\microprofile\rest\client\microprofile-rest-client-api\1.4.0\microprofile-rest-client-api-1.4.0.jar;C:\Users\AngeloMassaro\.m2\repository\org\eclipse\microprofile\opentracing\microprofile-opentracing-api\1.3\microprofile-opentracing-api-1.3.jar;C:\Users\AngeloMassaro\.m2\repository\org\junit\jupiter\junit-jupiter-engine\5.5.2\junit-jupiter-engine-5.5.2.jar;C:\Users\AngeloMassaro\.m2\repository\org\apiguardian\apiguardian-api\1.1.0\apiguardian-api-1.1.0.jar;C:\Users\AngeloMassaro\.m2\repository\org\junit\platform\junit-platform-engine\1.5.2\junit-platform-engine-1.5.2.jar;C:\Users\AngeloMassaro\.m2\repository\org\opentest4j\opentest4j\1.2.0\opentest4j-1.2.0.jar;C:\Users\AngeloMassaro\.m2\repository\org\junit\platform\junit-platform-commons\1.5.2\junit-platform-commons-1.5.2.jar;C:\Users\AngeloMassaro\.m2\repository\org\junit\jupiter\junit-jupiter-api\5.5.2\junit-jupiter-api-5.5.2.jar;C:\Users\AngeloMassaro\.m2\repository\org\apache\cxf\cxf-rt-rs-client\3.3.4\cxf-rt-rs-client-3.3.4.jar;C:\Users\AngeloMassaro\.m2\repository\org\apache\cxf\cxf-rt-transports-http\3.3.4\cxf-rt-transports-http-3.3.4.jar;C:\Users\AngeloMassaro\.m2\repository\org\apache\cxf\cxf-core\3.3.4\cxf-core-3.3.4.jar;C:\Users\AngeloMassaro\.m2\repository\org\glassfish\jaxb\jaxb-runtime\2.3.2\jaxb-runtime-2.3.2.jar;C:\Users\AngeloMassaro\.m2\repository\org\glassfish\jaxb\txw2\2.3.2\txw2-2.3.2.jar;C:\Users\AngeloMassaro\.m2\repository\com\sun\istack\istack-commons-runtime\3.0.8\istack-commons-runtime-3.0.8.jar;C:\Users\AngeloMassaro\.m2\repository\org\jvnet\staxex\stax-ex\1.8.1\stax-ex-1.8.1.jar;C:\Users\AngeloMassaro\.m2\repository\com\sun\xml\fastinfoset\FastInfoset\1.2.16\FastInfoset-1.2.16.jar;C:\Users\AngeloMassaro\.m2\repository\jakarta\activation\jakarta.activation-api\1.2.1\jakarta.activation-api-1.2.1.jar;C:\Users\AngeloMassaro\.m2\repository\com\fasterxml\woodstox\woodstox-core\5.0.3\woodstox-core-5.0.3.jar;C:\Users\AngeloMassaro\.m2\repository\org\codehaus\woodstox\stax2-api\3.1.4\stax2-api-3.1.4.jar;C:\Users\AngeloMassaro\.m2\repository\org\apache\ws\xmlschema\xmlschema-core\2.2.4\xmlschema-core-2.2.4.jar;C:\Users\AngeloMassaro\.m2\repository\jakarta\xml\bind\jakarta.xml.bind-api\2.3.2\jakarta.xml.bind-api-2.3.2.jar;C:\Users\AngeloMassaro\.m2\repository\org\apache\cxf\cxf-rt-frontend-jaxrs\3.3.4\cxf-rt-frontend-jaxrs-3.3.4.jar;C:\Users\AngeloMassaro\.m2\repository\jakarta\ws\rs\jakarta.ws.rs-api\2.1.5\jakarta.ws.rs-api-2.1.5.jar;C:\Users\AngeloMassaro\.m2\repository\org\apache\cxf\cxf-rt-security\3.3.4\cxf-rt-security-3.3.4.jar;C:\Users\AngeloMassaro\.m2\repository\org\apache\cxf\cxf-rt-rs-extension-providers\3.3.4\cxf-rt-rs-extension-providers-3.3.4.jar;C:\Users\AngeloMassaro\.m2\repository\org\glassfish\javax.json\1.1.4\javax.json-1.1.4.jar;C:\Users\AngeloMassaro\.m2\repository\javax\xml\bind\jaxb-api\2.3.1\jaxb-api-2.3.1.jar;C:\Users\AngeloMassaro\.m2\repository\javax\activation\javax.activation-api\1.2.0\javax.activation-api-1.2.0.jar;"/>
    <property name="http.port" value="9080"/>
    <property name="sun.cpu.endian" value="little"/>
    <property name="user.home" value="C:\Users\AngeloMassaro"/>
    <property name="user.language" value="it"/>
    <property name="java.specification.vendor" value="Oracle Corporation"/>
    <property name="java.home" value="C:\Oracle\Middleware12.2.1.3\oracle_common\jdk\jre"/>
    <property name="basedir" value="C:\Esperimenti\sample-getting-started"/>
    <property name="https.port" value="9443"/>
    <property name="file.separator" value="\"/>
    <property name="line.separator" value="&#10;"/>
    <property name="java.vm.specification.vendor" value="Oracle Corporation"/>
    <property name="wlp.user.dir" value="C:\Esperimenti\sample-getting-started\target\liberty\wlp\usr"/>
    <property name="java.specification.name" value="Java Platform API Specification"/>
    <property name="java.awt.graphicsenv" value="sun.awt.Win32GraphicsEnvironment"/>
    <property name="microshed_http_port" value="9080"/>
    <property name="surefire.real.class.path" value="C:\Users\ANGELO~1\AppData\Local\Temp\surefire3623682986869752013\surefirebooter6979352351168771612.jar"/>
    <property name="sun.boot.class.path" value="C:\Oracle\Middleware12.2.1.3\oracle_common\jdk\jre\lib\resources.jar;C:\Oracle\Middleware12.2.1.3\oracle_common\jdk\jre\lib\rt.jar;C:\Oracle\Middleware12.2.1.3\oracle_common\jdk\jre\lib\sunrsasign.jar;C:\Oracle\Middleware12.2.1.3\oracle_common\jdk\jre\lib\jsse.jar;C:\Oracle\Middleware12.2.1.3\oracle_common\jdk\jre\lib\jce.jar;C:\Oracle\Middleware12.2.1.3\oracle_common\jdk\jre\lib\charsets.jar;C:\Oracle\Middleware12.2.1.3\oracle_common\jdk\jre\lib\jfr.jar;C:\Oracle\Middleware12.2.1.3\oracle_common\jdk\jre\classes"/>
    <property name="user.script" value=""/>
    <property name="sun.management.compiler" value="HotSpot 64-Bit Tiered Compilers"/>
    <property name="java.runtime.version" value="1.8.0_131-b11"/>
    <property name="user.name" value="AngeloMassaro"/>
    <property name="liberty.hostname" value="laptop-hoomlnrg.lan"/>
    <property name="path.separator" value=";"/>
    <property name="os.version" value="10.0"/>
    <property name="java.endorsed.dirs" value="C:\Oracle\Middleware12.2.1.3\oracle_common\jdk\jre\lib\endorsed"/>
    <property name="java.runtime.name" value="Java(TM) SE Runtime Environment"/>
    <property name="liberty.http.port" value="9080"/>
    <property name="file.encoding" value="Cp1252"/>
    <property name="app.context.root" value="/"/>
    <property name="java.vm.name" value="Java HotSpot(TM) 64-Bit Server VM"/>
    <property name="localRepository" value="C:\Users\AngeloMassaro\.m2\repository"/>
    <property name="java.vendor.url.bug" value="http://bugreport.sun.com/bugreport/"/>
    <property name="java.io.tmpdir" value="C:\Users\ANGELO~1\AppData\Local\Temp\"/>
    <property name="java.version" value="1.8.0_131"/>
    <property name="user.dir" value="C:\Esperimenti\sample-getting-started"/>
    <property name="os.arch" value="amd64"/>
    <property name="java.vm.specification.name" value="Java Virtual Machine Specification"/>
    <property name="java.awt.printerjob" value="sun.awt.windows.WPrinterJob"/>
    <property name="sun.os.patch.level" value=""/>
    <property name="java.library.path" value="C:\Oracle\Middleware12.2.1.3\oracle_common\jdk\jre\bin;C:\WINDOWS\Sun\Java\bin;C:\WINDOWS\system32;C:\WINDOWS;C:/Oracle/Middleware12.2.1.3/oracle_common/jdk/bin/../jre/bin/server;C:/Oracle/Middleware12.2.1.3/oracle_common/jdk/bin/../jre/bin;C:/Oracle/Middleware12.2.1.3/oracle_common/jdk/bin/../jre/lib/amd64;C:\WINDOWS\system32;C:\WINDOWS;C:\WINDOWS\System32\Wbem;C:\WINDOWS\System32\WindowsPowerShell\v1.0\;C:\WINDOWS\System32\OpenSSH\;C:\Program Files\Intel\WiFi\bin\;C:\Program Files\Common Files\Intel\WirelessCommon\;C:\Program Files\Git\cmd;C:\Program Files\TortoiseGit\bin;C:\Users\AngeloMassaro\AppData\Local\Microsoft\WindowsApps;C:\Oracle\Middleware12.2.1.3\oracle_common\jdk\bin;C:\Users\AngeloMassaro\AppData\Local\Programs\Microsoft VS Code\bin;C:\minishift;C:\Program Files\nodejs\;C:\WINDOWS\system32;C:\WINDOWS;C:\WINDOWS\System32\Wbem;C:\WINDOWS\System32\WindowsPowerShell\v1.0\;C:\WINDOWS\System32\OpenSSH\;C:\Oracle\Middleware12.2.1.3\oracle_common\modules\org.apache.maven_3.2.5\bin;C:\CodeReady\crc-windows-1.16.0-amd64;C:\Program Files\TortoiseSVN\bin;C:\Users\AngeloMassaro\AppData\Local\Microsoft\WindowsApps;C:\Oracle\Middleware12.2.1.3\oracle_common\jdk\bin;;C:\Users\AngeloMassaro\AppData\Local\Programs\Microsoft VS Code\bin;C:\Users\AngeloMassaro\AppData\Roaming\npm;C:\Program Files\JetBrains\IntelliJ IDEA Community Edition 2020.2.3\bin;;C:\Users\AngeloMassaro\Desktop;;."/>
    <property name="java.vm.info" value="mixed mode"/>
    <property name="java.vendor" value="Oracle Corporation"/>
    <property name="java.vm.version" value="25.131-b11"/>
    <property name="java.ext.dirs" value="C:\Oracle\Middleware12.2.1.3\oracle_common\jdk\jre\lib\ext;C:\WINDOWS\Sun\Java\lib\ext"/>
    <property name="sun.io.unicode.encoding" value="UnicodeLittle"/>
    <property name="java.class.version" value="52.0"/>
  </properties>
  <testcase name="testIfServicesAreUp" classname="it.io.openliberty.sample.health.HealthIT" time="1.145"/>
  <testcase name="testIfServicesAreDown" classname="it.io.openliberty.sample.health.HealthIT" time="1.274"/>
</testsuite>